[0422/171758:ERROR:process_info.cc(608)] range at 0xe082303200000000, size 0xb9 fully unreadable
[0422/171758:ERROR:process_info.cc(608)] range at 0xe082305200000000, size 0xb9 fully unreadable
[0422/171758:ERROR:process_info.cc(608)] range at 0x0, size 0xb9 fully unreadable
[0422/171822:ERROR:process_info.cc(608)] range at 0x7aa8303400000000, size 0xa2 fully unreadable
[0422/171822:ERROR:process_info.cc(608)] range at 0x7aa8305400000000, size 0xa2 fully unreadable
[0422/171822:ERROR:process_info.cc(608)] range at 0x0, size 0xa2 fully unreadable
[0422/171918:ERROR:process_info.cc(608)] range at 0x5ca2303400000000, size 0x2 fully unreadable
[0422/171918:ERROR:process_info.cc(608)] range at 0x5ca2305400000000, size 0x2 fully unreadable
[0422/171918:ERROR:process_info.cc(608)] range at 0x0, size 0x2 fully unreadable
[0422/171923:ERROR:process_info.cc(608)] range at 0x33fa303200000000, size 0xbc fully unreadable
[0422/171923:ERROR:process_info.cc(608)] range at 0x33fa305200000000, size 0xbc fully unreadable
[0422/171923:ERROR:process_info.cc(608)] range at 0x0, size 0xbc fully unreadable
[0422/171927:ERROR:process_info.cc(608)] range at 0x8a86303400000000, size 0xd2 fully unreadable
[0422/171927:ERROR:process_info.cc(608)] range at 0x8a86305400000000, size 0xd2 fully unreadable
[0422/171927:ERROR:process_info.cc(608)] range at 0x0, size 0xd2 fully unreadable
[0422/172103:ERROR:process_info.cc(608)] range at 0x631f302400000000, size 0x53 fully unreadable
[0422/172103:ERROR:process_info.cc(608)] range at 0x631f304400000000, size 0x53 fully unreadable
[0422/172103:ERROR:process_info.cc(608)] range at 0x0, size 0x53 fully unreadable
[0422/172146:ERROR:process_info.cc(608)] range at 0xa6f9303200000000, size 0xb9 fully unreadable
[0422/172146:ERROR:process_info.cc(608)] range at 0xa6f9305200000000, size 0xb9 fully unreadable
[0422/172146:ERROR:process_info.cc(608)] range at 0x0, size 0xb9 fully unreadable
[0422/172715:ERROR:process_info.cc(608)] range at 0xbafe303200000000, size 0xec fully unreadable
[0422/172715:ERROR:process_info.cc(608)] range at 0xbafe305200000000, size 0xec fully unreadable
[0422/172715:ERROR:process_info.cc(608)] range at 0x0, size 0xec fully unreadable
[0422/173102:ERROR:process_info.cc(608)] range at 0x475e303200000000, size 0xdc fully unreadable
[0422/173102:ERROR:process_info.cc(608)] range at 0x475e305200000000, size 0xdc fully unreadable
[0422/173102:ERROR:process_info.cc(608)] range at 0x0, size 0xdc fully unreadable
[0422/173113:ERROR:process_info.cc(608)] range at 0xa4e7303200000000, size 0xc1 fully unreadable
[0422/173113:ERROR:process_info.cc(608)] range at 0xa4e7305200000000, size 0xc1 fully unreadable
[0422/173113:ERROR:process_info.cc(608)] range at 0x0, size 0xc1 fully unreadable
[0422/173126:ERROR:process_info.cc(608)] range at 0x9be0303200000000, size 0xe0 fully unreadable
[0422/173126:ERROR:process_info.cc(608)] range at 0x9be0305200000000, size 0xe0 fully unreadable
[0422/173126:ERROR:process_info.cc(608)] range at 0x0, size 0xe0 fully unreadable
[0422/194309:ERROR:process_info.cc(608)] range at 0xe3cd303200000000, size 0x22 fully unreadable
[0422/194309:ERROR:process_info.cc(608)] range at 0xe3cd305200000000, size 0x22 fully unreadable
[0422/194309:ERROR:process_info.cc(608)] range at 0x0, size 0x22 fully unreadable
[0422/195501:ERROR:process_info.cc(608)] range at 0xb995303200000000, size 0x9f fully unreadable
[0422/195501:ERROR:process_info.cc(608)] range at 0xb995305200000000, size 0x9f fully unreadable
[0422/195501:ERROR:process_info.cc(608)] range at 0x0, size 0x9f fully unreadable
[0422/195558:ERROR:process_info.cc(608)] range at 0xd45a303200000000, size 0xa6 fully unreadable
[0422/195558:ERROR:process_info.cc(608)] range at 0xd45a305200000000, size 0xa6 fully unreadable
[0422/195558:ERROR:process_info.cc(608)] range at 0x0, size 0xa6 fully unreadable
[0422/200118:ERROR:process_info.cc(608)] range at 0xb9c6303400000000, size 0xe6 fully unreadable
[0422/200118:ERROR:process_info.cc(608)] range at 0xb9c6305400000000, size 0xe6 fully unreadable
[0422/200118:ERROR:process_info.cc(608)] range at 0x0, size 0xe6 fully unreadable
[0422/200418:ERROR:process_info.cc(608)] range at 0x7c0d303400000000, size 0x4 fully unreadable
[0422/200418:ERROR:process_info.cc(608)] range at 0x7c0d305400000000, size 0x4 fully unreadable
[0422/200418:ERROR:process_info.cc(608)] range at 0x0, size 0x4 fully unreadable
[0422/201040:ERROR:process_info.cc(608)] range at 0xcb03303200000000, size 0xec fully unreadable
[0422/201040:ERROR:process_info.cc(608)] range at 0xcb03305200000000, size 0xec fully unreadable
[0422/201040:ERROR:process_info.cc(608)] range at 0x0, size 0xec fully unreadable
[0422/202011:ERROR:process_info.cc(608)] range at 0x7382303000000000, size 0x66 fully unreadable
[0422/202011:ERROR:process_info.cc(608)] range at 0x7382305000000000, size 0x66 fully unreadable
[0422/202011:ERROR:process_info.cc(608)] range at 0x0, size 0x66 fully unreadable
[0422/202241:ERROR:process_info.cc(608)] range at 0xf718303000000000, size 0x71 fully unreadable
[0422/202241:ERROR:process_info.cc(608)] range at 0xf718305000000000, size 0x71 fully unreadable
[0422/202241:ERROR:process_info.cc(608)] range at 0x0, size 0x71 fully unreadable
[0422/215938:ERROR:process_info.cc(608)] range at 0x2239303000000000, size 0xb7 fully unreadable
[0422/215938:ERROR:process_info.cc(608)] range at 0x2239305000000000, size 0xb7 fully unreadable
[0422/215938:ERROR:process_info.cc(608)] range at 0x0, size 0xb7 fully unreadable
[0424/094851:ERROR:process_info.cc(608)] range at 0x150234c200000000, size 0x39 fully unreadable
[0424/094851:ERROR:process_info.cc(608)] range at 0x150234e200000000, size 0x39 fully unreadable
[0424/094851:ERROR:process_info.cc(608)] range at 0x0, size 0x39 fully unreadable
[0426/001121:ERROR:process_info.cc(608)] range at 0x953c351400000000, size 0x6c fully unreadable
[0426/001121:ERROR:process_info.cc(608)] range at 0x953c353400000000, size 0x6c fully unreadable
[0426/001121:ERROR:process_info.cc(608)] range at 0x0, size 0x6c fully unreadable
[0426/001349:ERROR:process_info.cc(608)] range at 0xce48351400000000, size 0x9d fully unreadable
[0426/001349:ERROR:process_info.cc(608)] range at 0xce48353400000000, size 0x9d fully unreadable
[0426/001349:ERROR:process_info.cc(608)] range at 0x0, size 0x9d fully unreadable
[0426/001700:ERROR:process_info.cc(608)] range at 0x5332351400000000, size 0xb4 fully unreadable
[0426/001700:ERROR:process_info.cc(608)] range at 0x5332353400000000, size 0xb4 fully unreadable
[0426/001700:ERROR:process_info.cc(608)] range at 0x0, size 0xb4 fully unreadable
[0426/001709:ERROR:process_info.cc(608)] range at 0x531e350c00000000, size 0x9a fully unreadable
[0426/001709:ERROR:process_info.cc(608)] range at 0x531e352c00000000, size 0x9a fully unreadable
[0426/001709:ERROR:process_info.cc(608)] range at 0x0, size 0x9a fully unreadable
[0426/001800:ERROR:process_info.cc(608)] range at 0x664e350e00000000, size 0xeb fully unreadable
[0426/001800:ERROR:process_info.cc(608)] range at 0x664e352e00000000, size 0xeb fully unreadable
[0426/001800:ERROR:process_info.cc(608)] range at 0x0, size 0xeb fully unreadable
[0426/002015:ERROR:process_info.cc(608)] range at 0xe4d834e400000000, size 0x29 fully unreadable
[0426/002015:ERROR:process_info.cc(608)] range at 0xe4d8350400000000, size 0x29 fully unreadable
[0426/002015:ERROR:process_info.cc(608)] range at 0x0, size 0x29 fully unreadable
[0426/002021:ERROR:process_info.cc(608)] range at 0xb2d1351400000000, size 0x47 fully unreadable
[0426/002021:ERROR:process_info.cc(608)] range at 0xb2d1353400000000, size 0x47 fully unreadable
[0426/002021:ERROR:process_info.cc(608)] range at 0x0, size 0x47 fully unreadable
[0426/002039:ERROR:process_info.cc(608)] range at 0xcf31351000000000, size 0xe1 fully unreadable
[0426/002039:ERROR:process_info.cc(608)] range at 0xcf31353000000000, size 0xe1 fully unreadable
[0426/002039:ERROR:process_info.cc(608)] range at 0x0, size 0xe1 fully unreadable
[0426/002052:ERROR:process_info.cc(608)] range at 0x137734e200000000, size 0x51 fully unreadable
[0426/002052:ERROR:process_info.cc(608)] range at 0x1377350200000000, size 0x51 fully unreadable
[0426/002052:ERROR:process_info.cc(608)] range at 0x0, size 0x51 fully unreadable
[0426/002600:ERROR:process_info.cc(608)] range at 0xa8fe350000000000, size 0x35 fully unreadable
[0426/002600:ERROR:process_info.cc(608)] range at 0xa8fe352000000000, size 0x35 fully unreadable
[0426/002600:ERROR:process_info.cc(608)] range at 0x0, size 0x35 fully unreadable
[0426/010558:ERROR:process_info.cc(608)] range at 0xb5b34b000000000, size 0x25 fully unreadable
[0426/010558:ERROR:process_info.cc(608)] range at 0xb5b34d000000000, size 0x25 fully unreadable
[0426/010558:ERROR:process_info.cc(608)] range at 0x0, size 0x25 fully unreadable
[0426/011637:ERROR:process_info.cc(608)] range at 0x869e34ae00000000, size 0x8c fully unreadable
[0426/011637:ERROR:process_info.cc(608)] range at 0x869e34ce00000000, size 0x8c fully unreadable
[0426/011637:ERROR:process_info.cc(608)] range at 0x0, size 0x8c fully unreadable
